1.808475280072839787e-06
1.818899051290979866e-06
1.810470893932853738e-06
4.054678859568893734e-01
1.808475280072839787e-06
1.810365592108388217e-06
1.806853167537013446e-06
8.472969428405733305e-01
8.472972242768520568e-01
1.803267828408014430e-06
1.804123381747475891e-06
1.803267828408014430e-06
1.810715351123100120e-06
1.797415453583832051e-06
1.814044720787074376e-06
1.814044720785380310e-06
8.472971344967862306e-01
1.812104933758814871e-06
-4.054591674532846968e-01
4.054678978213167029e-01
4.054679078086674271e-01
1.814907473250573186e-06
1.809047929908061533e-06
1.803184899461786389e-06
4.054679074980860887e-01
1.792143830030522332e-06
1.796788171353541673e-06
1.809047929908061533e-06
1.810649273509623501e-06
4.054678652872230060e-01
1.803934774850763426e-06
4.054679061390991657e-01
1.803213807749537924e-06
4.054678981526865233e-01
1.810405162797092251e-06
4.054678658056751206e-01
4.054678713894226960e-01
8.472970321695758589e-01
-4.054591851037354644e-01
1.803176946891802837e-06
1.803176946891802837e-06
-4.054591102843355110e-01
4.054678654372154134e-01
1.790132308487161587e-06
1.793669267320889202e-06
-4.054591223970717695e-01
1.810993279321362582e-06
1.810308187548051708e-06
1.792613490155267720e-06
1.803195358999032847e-06
1.792695689741528784e-06
4.054678653411776801e-01
4.054678658036343086e-01
1.814043230752725173e-06
4.054679072045401789e-01
1.820124554256728352e-06
1.793179927012859833e-06
1.814045109863282176e-06
1.812453155477692294e-06
4.054678858875387926e-01
1.818265360893253145e-06
1.807442787682823900e-06
8.472970686476355429e-01
1.809865030197358482e-06
1.795812272950041121e-06
1.795812272950041121e-06
1.810042282591135711e-06
1.790394799079487396e-06
1.820094165550856716e-06
4.054678653256810761e-01
4.054678705274571970e-01
1.803716866109528740e-06
1.804676407430050830e-06
-4.054591199404938839e-01
1.814056372404405558e-06
1.808135982854345568e-06
1.808135982854345568e-06
4.054678625311016193e-01
1.803185690524986916e-06
-4.054591098789995240e-01
1.821417141126806198e-06
1.816564433413551709e-06
1.813351108502598822e-06
1.812750914798377108e-06
4.054678971264992215e-01
1.818504888131653889e-06
4.054678796585039491e-01
1.801058469109474999e-06
1.814044694536858631e-06
1.791520242559735540e-06
1.814044720765087095e-06
4.054678796585039491e-01
1.804965738306237450e-06
1.801058469109474999e-06
-4.054590957368641724e-01
4.054678734320725231e-01
1.790164479588755269e-06
1.800662776168827897e-06
1.800340744976562005e-06
4.054678877415309746e-01
4.054678869564095622e-01
4.054678644398967413e-01
4.054678877415309746e-01
1.803250145336667274e-06
1.795281243378757375e-06
1.803250145336667274e-06
1.810048172285245622e-06
1.804519406416966504e-06
4.054678793910630463e-01
1.814044710145435235e-06
1.810261800690255596e-06
1.803179814333253034e-06
1.803195573860334840e-06
4.054679076404908433e-01
1.810261800690255596e-06
4.054678789714318832e-01
4.054678863267324185e-01
4.054678587290564407e-01
4.054678872169101833e-01
4.054678935810150930e-01
1.803179627477679414e-06
4.054678872169101833e-01
1.837886039891513274e-06
1.805050065829444842e-06
1.811163475016541792e-06
1.814038687954392638e-06
1.820893473565322859e-06
1.821051183535534325e-06
8.472972479011351421e-01
1.790324591213499509e-06
1.814040679121248304e-06
1.803238360321155268e-06
1.803238360321155268e-06
4.054678773134773317e-01
4.054678728444350289e-01
1.805889355598629494e-06
1.808739734725728164e-06
1.810442572479578954e-06
1.803241871721319179e-06
1.803566327003076966e-06
1.805889355598629494e-06
1.808739734725728164e-06
4.054679078390141522e-01
1.803326941729215068e-06
4.054679078390141522e-01
1.814044088745580598e-06
1.810854442974898089e-06
1.803181212496043650e-06
4.054678669272640534e-01
4.054678838728678625e-01
4.054678669376045597e-01
-4.054590949162850122e-01
1.813936651147231456e-06
1.813936651147231456e-06
1.814012666493155829e-06
1.813963920797273683e-06
1.814012666493155829e-06
1.813963920797273683e-06
1.789846334060502021e-06
4.054678776337299895e-01
1.790187506782656773e-06
-4.054591847860432030e-01
4.054678903432289983e-01
1.814044693097881156e-06
1.814044652017991506e-06
1.803221252764299386e-06
1.804022451987042227e-06
-4.054591038651904067e-01
4.054678859039214101e-01
1.806055851125883917e-06
-4.054573717843402703e-01
4.054678652517352266e-01
4.054678652517352266e-01
4.054679076128809845e-01
1.799744963432069652e-06
1.819048128946320838e-06
1.799744963432069652e-06
4.054678654900844004e-01
1.790209132110177297e-06
1.809463795916705490e-06
1.809463795916705490e-06
1.813355487936148086e-06
1.812303270006455872e-06
1.803250098464035342e-06
4.054678735010945889e-01
1.814033689578545142e-06
1.803466465590949241e-06
1.790746491458968661e-06
1.803191752483439070e-06
1.803269052320891155e-06
1.807593966167365441e-06
4.054679073017418700e-01
1.803220154314438746e-06
1.793545294205278268e-06
1.793545294205278268e-06
1.813547842786773108e-06
1.810456733810006524e-06
4.054678594493192345e-01
8.472969852632764587e-01
-4.054591636193909943e-01
8.472970921487530394e-01
1.814044720406765053e-06
1.813197689515934589e-06
1.814569612528798061e-06
4.054678893191580036e-01
8.472970470705688539e-01
8.472970470705688539e-01
1.813978685099904772e-06
1.805180806213391033e-06
8.472972382593634277e-01
4.054678654575076813e-01
4.054678744183503603e-01
4.054678655164670187e-01
1.820036385405776745e-06
4.054678824413731064e-01
1.813652477775408241e-06
1.810266187629018428e-06
1.810060722502856430e-06
1.809978625208699495e-06
1.812420367299266356e-06
4.054679076766912194e-01
1.804343504018891880e-06
1.801957910559233875e-06
4.054678578995156712e-01
-4.054591191662232363e-01
4.054679078663274705e-01
4.054678951016661426e-01
1.789905494526044125e-06
4.054679078663274705e-01
1.798012403013492361e-06
8.472969934065341935e-01
4.054678871468628265e-01
4.054678961736802312e-01
1.798012403013492361e-06
4.054678708297541623e-01
4.054678887838601975e-01
4.054678887838601975e-01
4.054678904367322589e-01
4.054678887838601975e-01
4.054678708297541623e-01
1.803146076225532054e-06
4.054678640417240798e-01
4.054678949962640111e-01
8.472969447100960894e-01
8.472969447100960894e-01
4.054678613460763192e-01
1.811916675568582298e-06
1.803186040460948259e-06
4.054678838706387567e-01
4.054678613460763192e-01
4.054678931594243307e-01
4.054678927355654938e-01
1.790241205535795242e-06
1.803178934057797268e-06
4.054678927355654938e-01
1.803367895469096450e-06
1.790908830180534198e-06
1.806690379759748040e-06
1.809288118378208125e-06
8.472970417762586415e-01
1.818296157341359948e-06
-4.054591383329358423e-01
1.807057238166035103e-06
1.820109432591980595e-06
1.790077274015496425e-06
8.472972417691038149e-01
-4.054590944942194075e-01
1.384593284257352064e+00
4.054678566844717169e-01
4.054678626045356560e-01
4.054679078605777365e-01
4.054678626045356560e-01
1.805535644940756753e-06
1.808116668813766156e-06
1.814003155205386670e-06
4.054679078605777365e-01
4.054678566844717169e-01
4.054678626045356560e-01
1.384604296462745410e+00
8.472969355285842052e-01
4.054678653059127780e-01
8.472972529828025623e-01
1.807921549007921888e-06
8.472969355285842052e-01
1.819286671803075248e-06
1.819286671803075248e-06
4.054679078562097860e-01
4.054679078816501026e-01
8.472972108023579807e-01
1.814044696159708325e-06
8.472972108023579807e-01
1.790242819921143278e-06
4.054678957627984581e-01
4.054678658161606775e-01
4.054678911385551365e-01
1.793170771167978915e-06
1.816559808143624389e-06
1.794495796099756266e-06
1.793430504063103069e-06
1.796475598668822373e-06
4.054679050885817704e-01
4.054678650316466126e-01
1.792648532122143286e-06
1.790390365070648193e-06
1.803185809572173753e-06
4.054678558650935405e-01
1.804677282595796012e-06
4.054678654916263336e-01
4.054678659642699246e-01
4.054678738158638551e-01
4.054678558650935405e-01
4.054678735176870386e-01
4.054678784283426984e-01
1.814040471196343797e-06
1.819631428882630977e-06
4.054679041264473427e-01
1.814070313096797775e-06
4.054679045183485209e-01
8.472971840134378985e-01
4.054679045183485209e-01
8.472971840134378985e-01
1.813953776818302172e-06
1.790426481523244722e-06
4.054679052604535650e-01
4.054678564684221498e-01
4.054678564684221498e-01
8.472972417949733437e-01
1.790288991048075914e-06
4.054678645232447365e-01
1.790215649995045329e-06
4.054678622579835912e-01
4.054678622579835912e-01
4.054678842523143922e-01
1.811450569625460441e-06
8.472970911305380826e-01
8.472972417027236913e-01
4.054678654492657741e-01
1.820132674753875303e-06
4.054678949483323525e-01
8.472969473838232179e-01
4.054678606824760889e-01
4.054678654750049072e-01
4.054678654034205021e-01
4.054678654034205021e-01
4.054678575687393760e-01
1.820133841233799295e-06
8.472969326456554207e-01
4.054678654471433052e-01
4.054678885171906777e-01
4.054678603581607366e-01
4.054678933262192975e-01
4.054678555187319344e-01
1.790193446861671131e-06
1.814561666497974295e-06
4.054678950080933264e-01
4.054678568779052639e-01
1.820133153968975870e-06
8.472971382536735874e-01
8.472972188162501972e-01
4.054678861542164170e-01
1.803258767572217967e-06
4.054679070089766690e-01
1.798761453491206342e-06
1.790253176003494871e-06
8.472969388877094055e-01
4.054678654395274529e-01
8.472969388877094055e-01
1.791787462913472714e-06
1.803429246982091676e-06
8.472972417493280783e-01
1.820132667829582341e-06
4.054678672699754682e-01
4.054679078732097985e-01
1.803212752587196103e-06
4.054678610377949188e-01
8.472972418002943096e-01
4.054678985125453883e-01
8.472972417493280783e-01
4.054678654436430496e-01
4.054679077336761917e-01
4.054678649299472970e-01
4.054678924647985849e-01
4.054678649299472970e-01
4.054678649299472970e-01
1.820067311883764377e-06
4.054678803892079464e-01
4.054679078095904665e-01
4.054678959802565652e-01
4.054679077723148395e-01
8.472971008009539950e-01
1.384591120704338429e+00
4.054678924647985849e-01
1.793017689572738829e-06
1.803195444044292561e-06
1.790004921929031849e-06
8.472969393143581218e-01
1.814048547421504709e-06
4.054678871824000663e-01
4.054678871824000663e-01
1.809222266577528515e-06
1.814048547421504709e-06
4.054679063520805204e-01
4.054678903135304768e-01
4.054678827695487597e-01
1.801978309036324637e-06
4.054678565011077263e-01
4.054678564107624950e-01
8.472969358036797072e-01
4.054678654527165693e-01
-4.054590943472540787e-01
4.054678949704325630e-01
1.813818136780406434e-06
1.803456681265361719e-06
8.472972417905652032e-01
1.813311472341799998e-06
1.814039330188821499e-06
4.054678654185240871e-01
1.814044637318315560e-06
4.054678649972047189e-01
1.820133951055063460e-06
8.472972363485363756e-01
8.472972351358244447e-01
1.810043383752142139e-06
8.472972244595164959e-01
1.810043383752142139e-06
8.472972351358244447e-01
4.054678981783478298e-01
4.054678581536236281e-01
1.807496974988647420e-06
4.054678863829844215e-01
8.472972244595164959e-01
1.814656207096370145e-06
4.054678634905397039e-01
1.790191192864705073e-06
4.054679073624159469e-01
1.790191192864705073e-06
4.054679078819592442e-01
4.054678653675865552e-01
4.054679073624159469e-01
1.807743563024648468e-06
1.384592689364647189e+00
4.054678604653103036e-01
8.472969327940228501e-01
8.472972359735023717e-01
8.472971914315151620e-01
4.054678580047421099e-01
1.819304676743449831e-06
1.790266755369823939e-06
4.054678559916950475e-01
4.054678895718896725e-01
4.054678895718896725e-01
4.054678594967806027e-01
4.054679023267594440e-01
8.472972393300191030e-01
1.818800687049959391e-06
1.384604296432471182e+00
1.790142642159640210e-06
1.819879333892811508e-06
8.472972393300191030e-01
-8.472034467744572472e-01
4.054678562393679297e-01
1.790314688216027661e-06
1.790054694411567379e-06
1.813788753376057079e-06
4.054678656062581377e-01
1.789615316839052053e-06
4.054679054532916438e-01
4.054678654458460096e-01
4.054678624193319703e-01
1.820130806239815666e-06
1.810597399239446753e-06
4.054679078187705676e-01
4.054679042927523680e-01
1.790360784696386110e-06
4.054678558228163032e-01
1.793068953005609861e-06
1.790284439790103039e-06
4.054678653787748832e-01
1.793068953005609861e-06
4.054678574171257655e-01
1.790062867317928205e-06
1.384604295148878839e+00
1.790251674851174797e-06
1.790197683397789107e-06
4.054678654413526595e-01
1.790280758509952703e-06
1.790280758509952703e-06
4.054678658458809593e-01
8.472972362764197296e-01
4.054678591905133689e-01
4.054679076657028980e-01
8.472972353573426929e-01
8.472972283014492678e-01
4.054678927663682986e-01
4.054678952295521221e-01
1.384604293562574417e+00
4.054678887629696304e-01
1.814045060407022937e-06
1.384604293562574417e+00
4.054678927663682986e-01
4.054678887629696304e-01
8.472972362745384567e-01
8.472972362745384567e-01
8.472972219812278105e-01
8.472972365294115793e-01
8.472972375239802290e-01
8.472972387732534694e-01
4.054678654960564010e-01
4.054679077276200916e-01
8.472972327985135443e-01
1.817338441498749254e-06
4.054679077276200916e-01
4.054678889989333235e-01
8.472972417253404886e-01
8.472972417253404886e-01
1.814044205759927960e-06
4.054678654679346184e-01
-8.472042216887596400e-01
4.054678559137253058e-01
1.814046148189120882e-06
4.054678867363052941e-01
1.813365882938718952e-06
1.814044720779877137e-06
1.814044718772511331e-06
1.812891724018138664e-06
1.820133140223660838e-06
1.814046148189120882e-06
4.054679025950825300e-01
4.054679078757852939e-01
1.795221190221905036e-06
4.054678682240323018e-01
1.810001265458954073e-06
1.810001265458954073e-06
4.054678586894586156e-01
4.054678814057079417e-01
4.054678682240323018e-01
1.795221190221905036e-06
4.054678659955933684e-01
8.472969394788584241e-01
1.790266097695170507e-06
1.818993521920125087e-06
4.054678654834493190e-01
1.790479584865306309e-06
4.054678881701110349e-01
4.054678633024146328e-01
1.814044724598146233e-06
4.054678634847337371e-01
4.054678653372758568e-01
4.054679051627942954e-01
4.054678561370745893e-01
4.054678556779608423e-01
4.054678876741584781e-01
4.054678877371856727e-01
1.814113810407867580e-06
1.790220430623485306e-06
1.790220430623485306e-06
4.054678654363486623e-01
1.790220021595341682e-06
4.054678654363486623e-01
4.054678573425695709e-01
1.790266011041258431e-06
1.813972077308151592e-06
1.814044723617718513e-06
4.054679078054826413e-01
4.054678573425695709e-01
1.790266011041258431e-06
4.054678668339065095e-01
4.054678668339065095e-01
4.054678654330529652e-01
4.054679004119244312e-01
4.054678611688137813e-01
4.054679004119244312e-01
1.791541903982520296e-06
-4.054591192274892841e-01
4.054678864449636211e-01
4.054679078754662158e-01
-4.054591851628210897e-01
1.803852392065419204e-06
1.803391858417562117e-06
4.054679018271875601e-01
1.790479346992199875e-06
1.790479346992199875e-06
1.790571363669849159e-06
8.472970716271601699e-01
8.472972363355597558e-01
4.054678705037489950e-01
8.472970952740583872e-01
1.804486863631691056e-06
1.384591666751584960e+00
8.472972418731206101e-01
1.812509691984445527e-06
4.054678836514200579e-01
1.812509691984445527e-06
1.807971376761136631e-06
1.819385508258158118e-06
1.814038101238233261e-06
4.054678555472076007e-01
4.054678653714086645e-01
4.054678577476231172e-01
4.054678555235377013e-01
-4.054591847358535173e-01
4.054678872098143039e-01
1.790797367987596105e-06
4.054678872098143039e-01
4.054678741480008397e-01
4.054678556139408863e-01
8.472972416702622134e-01
4.054679078643076973e-01
4.054678734429061904e-01
4.054678685560551554e-01
1.820054249597886362e-06
1.790369151535773169e-06
4.054678801844034952e-01
1.803550127764159890e-06
4.054678733743322105e-01
1.817083075653359764e-06
1.817083075653359764e-06
4.054678671008712931e-01
1.790677641352574033e-06
1.790282101184003944e-06
1.803267922495122157e-06
1.803197226553506222e-06
1.805383160514528058e-06
4.054679045990981501e-01
1.818094243430713272e-06
1.818094243430713272e-06
1.791269833898364469e-06
1.791269833898364469e-06
4.054678593836865130e-01
1.810747656033436578e-06
4.054678593836865130e-01
1.790318882583629763e-06
4.054679070001333541e-01
-4.054591384903830087e-01
1.814048429466637373e-06
1.813387767136589000e-06
1.814031598317542671e-06
1.814040397625758104e-06
8.472971983762583870e-01
4.054679078621641897e-01
1.812266590759800974e-06
1.813381341547340035e-06
1.812266590759800974e-06
1.813381341547340035e-06
1.812266590759800974e-06
8.472972426361423670e-01
1.790290819275416024e-06
-4.054591847628322698e-01
8.472971443250236767e-01
4.054678786071741481e-01
1.801513831100866288e-06
1.814044090578402559e-06
1.810980417272581884e-06
4.054678584338467506e-01
1.794708614428421492e-06
1.819030028614902032e-06
1.801513831100866288e-06
8.472972352682838215e-01
4.054678649735329321e-01
-4.054591847616772493e-01
4.054678649735329321e-01
1.812496249365803523e-06
4.054678597338899348e-01
4.054678656415079407e-01
1.810327660772169231e-06
1.820127078814412354e-06
4.054678654459818454e-01
4.054678652757029989e-01
1.800531409658469509e-06
4.054678652757029989e-01
1.820127952807020926e-06
1.791963447061107098e-06
1.814041131112352922e-06
1.791963447061107098e-06
4.054678650162727438e-01
1.805594013789382729e-06
4.054678650162727438e-01
1.805886390429981149e-06
1.818087113108731667e-06
1.819227806547690393e-06
1.811494379543372674e-06
4.054678727124131354e-01
1.820132813222002326e-06
1.790464232102530485e-06
1.814044561446121544e-06
1.790464232102530485e-06
1.810460328528070567e-06
1.809308443019235493e-06
1.944850559419893837e-06
1.790627449933569219e-06
-8.472042237034679291e-01
1.803180332902692717e-06
1.806526297615096670e-06
1.807778192478875117e-06
1.813252028798956110e-06
4.054678915627611402e-01
4.054678555717944333e-01
4.054678555717944333e-01
1.805292439474254271e-06
4.054678654169424079e-01
4.054678948368092284e-01
4.054678555717944333e-01
4.054678605708151307e-01
-4.054591114004590935e-01
-4.054591798102942790e-01
1.798643462506019524e-06
1.790036921760741050e-06
1.811324547016528498e-06
4.054678612016346939e-01
4.054678869371010075e-01
1.809220056965900775e-06
1.803247569175369728e-06
1.806753786918562628e-06
1.809803907284018940e-06
1.811407183873701188e-06
4.054678858177148126e-01
1.809803907284018940e-06
1.810149403469558006e-06
1.789573663697119395e-06
1.812922933820838145e-06
1.789573663697119395e-06
1.814044716698101809e-06
1.811078265058530554e-06
1.814044719195028306e-06
-4.054591843857554556e-01
1.790691172388271452e-06
4.054678923605238849e-01
1.803028593765207444e-06
1.803028593765207444e-06
4.054679078161861905e-01
1.809945664657274140e-06
1.791085762165908249e-06
1.789971572083079974e-06
1.803840631384416477e-06
1.808625109173961359e-06
1.789561854556661047e-06
1.789561854556661047e-06
4.054678997584457156e-01
1.814040486584240154e-06
1.818698197003098629e-06
4.054678653900564145e-01
1.814009711066065062e-06
1.790082390649449688e-06
1.813860713559141917e-06
1.810291124498225462e-06
4.054678692844294607e-01
4.054678754374037020e-01
1.804272480592096298e-06
4.054678799448949156e-01
4.054678692844294607e-01
1.814270800900695128e-06
1.814270800900695128e-06
1.817766556350964083e-06
1.814270800900695128e-06
4.054678897575090812e-01
4.054679068793122232e-01
4.054678797202154183e-01
1.800199678238728225e-06
1.800199678238728225e-06
1.814048616215269483e-06
1.803178919307636676e-06
1.796207466214246430e-06
4.054678647348977094e-01
1.796207466214246430e-06
4.054678862740245804e-01
4.054678867114416829e-01
1.803192858384507939e-06
1.803187446437926557e-06
4.054678945086829800e-01
1.796044512007581941e-06
4.054678945086829800e-01
1.809685979209767365e-06
1.810114624882182213e-06
4.054678625398094316e-01
4.054678604472313763e-01
1.790310167318149776e-06
4.054678681726955336e-01
4.054678655094443585e-01
1.793340761421857557e-06
1.811144732516151772e-06
4.054678872067297712e-01
1.800716054946587879e-06
1.813971150213623482e-06
1.800716054946587879e-06
1.809208649433103095e-06
1.803409044266129440e-06
1.803409044266129440e-06
4.054678994886615206e-01
4.054678994886615206e-01
1.808601596188769976e-06
4.054678788113926791e-01
1.813503846940089530e-06
4.054678746791900990e-01
1.790274405084619274e-06
4.054678651288539659e-01
1.803348025772249885e-06
1.819125086624473584e-06
8.472972305442392216e-01
4.054678656044967133e-01
4.054678656044967133e-01
1.813975979788916025e-06
1.790243033270496967e-06
8.472969865764184982e-01
4.054678879463379793e-01
4.054678667976827633e-01
8.473009931992814270e-01
8.472990388698158348e-01
8.473009931992814270e-01
1.799968782729076799e-06
4.054678670272886531e-01
1.792352778705719262e-06
4.054678646489974780e-01
1.818623851174870437e-06
-3.900117256574840430e-01
4.054678981181195074e-01
1.818623851174870437e-06
4.054678569371893415e-01
4.054678780115247294e-01
1.819845109567153753e-06
1.803503902773593221e-06
1.789869647068092465e-06
8.472970059682134458e-01
1.811271958225788545e-06
1.811271958225788545e-06
1.790326826411363396e-06
1.809952025499242878e-06
8.474308204459065630e-01
1.809952025499242878e-06
1.384591836976835300e+00
4.054678562532385566e-01
-4.054570047025440327e-01
4.054678562532385566e-01
-8.472031295162721909e-01
-4.054590943279235971e-01
1.801677533548096354e-06
1.820127000226801175e-06
8.472971349993624335e-01
8.472971349993624335e-01
8.472970599040111628e-01
1.791871081402474661e-06
8.472969388519115963e-01
1.809177892671492179e-06
4.054679078668977366e-01
1.803179159542933982e-06
4.054679077034689660e-01
1.809147979404606938e-06
1.809147979404606938e-06
4.054678865823812539e-01
1.809147979404606938e-06
1.808661003831829165e-06
1.789552249552747747e-06
1.789552249552747747e-06
1.813976003347968971e-06
4.054679078808360315e-01
4.054679078808360315e-01
8.472972413519163082e-01
4.054679078808360315e-01
8.472970902880858635e-01
8.472970394794938631e-01
4.054678558366721641e-01
1.803289740842116986e-06
4.054678734039751098e-01
1.789571293036202329e-06
1.803892352380389788e-06
1.803289740842116986e-06
1.803421186592860329e-06
4.054678621483170931e-01
4.054678616418181947e-01
4.054678558366721641e-01
4.054679077805446452e-01
4.054679035743066762e-01
1.820009254204515943e-06
-4.054590943279538506e-01
8.472972632836562878e-01
8.472972769291495787e-01
8.472972417429700531e-01
-4.054591852220886805e-01
4.054679035743066762e-01
4.054679069426155857e-01
1.804834408593470615e-06
1.789552743775363350e-06
4.054678838966443988e-01
4.054678632373646119e-01
1.804834408593470615e-06
4.054679069426155857e-01
1.793505477336086714e-06
4.054678559294063178e-01
8.472972363299985377e-01
4.054679078813497872e-01
1.810749519836772666e-06
1.820133877717201129e-06
1.803433851246174922e-06
4.054678607793797407e-01
1.803433851246174922e-06
4.054678745079159374e-01
4.054679078163399009e-01
8.472970940181721033e-01
4.054679078163399009e-01
8.472970940181721033e-01
-8.472042234308031494e-01
1.797459701743303787e-06
8.472970406833836288e-01
8.472970406833836288e-01
8.472972412726528235e-01
8.472972412726528235e-01
1.803205634734253319e-06
1.803192672565429267e-06
4.054824841300606608e-01
4.054679078820737081e-01
4.054678698520091662e-01
4.054680183382508019e-01
4.054684764718826107e-01
4.056965226145404779e-01
8.472977334892084489e-01
4.054678698520091662e-01
8.912413399310651352e-01
1.806196329955321330e-06
4.054679051779042642e-01
4.054679052435523623e-01
4.054678978091290076e-01
1.789841016295912573e-06
4.054679052435523623e-01
4.054678978091290076e-01
4.054679051779042642e-01
1.791245650048580832e-06
8.472972363515521854e-01
4.054679078821216698e-01
-4.054591384739623106e-01
1.791245650048580832e-06
8.472972412951781385e-01
1.789662452701773097e-06
1.810082658336955662e-06
4.054679072330349965e-01
1.810082658336955662e-06
1.789662452701773097e-06
4.054678886693509621e-01
4.054678886693509621e-01
-4.054591764277405419e-01
8.472972069806798956e-01
1.798679356102008287e-06
8.472971688592657591e-01
8.472972417568245262e-01
8.472970732773141833e-01
8.472970723749774224e-01
8.472972403668140862e-01
8.472972397167384262e-01
8.472972408974071001e-01
8.472972424588405271e-01
8.472972317923016528e-01
8.472972317923016528e-01
8.472972317923016528e-01
8.472972424588405271e-01
8.472972957874177480e-01
8.473009730556817498e-01
4.054678857941599324e-01
1.789840969691411885e-06
4.054679241158230529e-01
4.054678871777872562e-01
8.472970832727952928e-01
1.806994284104382238e-06
4.054678994666456315e-01
1.790198340590692127e-06
1.790537887127504031e-06
4.054678824474644561e-01
4.054678994666456315e-01
4.054679078122319646e-01
8.472973566038322080e-01
1.813182820263353343e-06
4.054679075497820140e-01
1.790143215752407274e-06
4.054678718890944444e-01
4.054678718890944444e-01
8.472972417639954568e-01
1.790333717927394618e-06
8.472972417986411875e-01
1.819656312572758642e-06
1.819656312572758642e-06
1.814044192983238091e-06
8.472970486348414543e-01
1.772322613447327878e-03
4.054678652626792501e-01
1.800156222705885019e-06
4.054679078823419380e-01
4.054678652626792501e-01
1.772322613447327878e-03
4.054678680333805296e-01
8.500084094377817756e-01
1.819950887691973378e-06
1.808538663593487492e-06
4.054678581110554569e-01
1.808538663593487492e-06
1.819733776197048493e-06
4.054679078819011240e-01
1.819733776197048493e-06
1.810251183882962289e-06
4.054679040394274514e-01
8.472988220069467280e-01
8.472988220069467280e-01
4.054678821605937067e-01
4.054678707630058887e-01
8.472972420336801758e-01
8.472972362351415265e-01
8.472970639855098574e-01
8.573751636566675494e-01
1.820131218691904267e-06
8.573751636566675494e-01
8.472970639855098574e-01
8.472971648982523529e-01
8.472972377580934022e-01
1.820124009350020807e-06
8.472972419031320479e-01
4.054678599866283761e-01
1.804898917185642581e-06
4.054678866048179731e-01
4.124773984110863823e-01
4.054678559916581326e-01
8.472971927703959460e-01
4.054678950145230165e-01
4.054678950145230165e-01
1.789813312550482697e-06
4.055411371296142597e-01
4.055411371296142597e-01
4.024576934972997704e-06
4.055271858085244263e-01
8.472971820282364508e-01
4.054678910369002853e-01
4.054678763426793342e-01
1.820131698034088999e-06
4.054679078801886605e-01
8.472971820282364508e-01
8.472972413255883684e-01
8.472972401412249832e-01
1.791475313522703439e-06
4.054678557311249820e-01
4.054678882105758331e-01
8.472972416354708214e-01
8.472970526046712525e-01
1.818721442380612044e-06
8.472971551609175256e-01
4.054679062621310837e-01
1.809129126717003815e-06
4.054678611382377951e-01
4.054679062621310837e-01
8.472969344935435965e-01
4.054678832068072669e-01
4.054678847086539695e-01
4.054679076885321920e-01
1.820132555153573198e-06
4.054678687552564220e-01
4.054678654376204228e-01
1.820132555153573198e-06
1.814738036510406892e-06
1.794379345670138015e-06
8.472972413317728657e-01
4.054678733726493345e-01
4.054678733726493345e-01
8.472978749153052824e-01
1.814042582563267598e-06
8.472972363437000221e-01
8.472978749153052824e-01
4.054688954214039631e-01
1.384604291392811382e+00
4.054678654622697609e-01
4.054678654429700879e-01
4.054681677752260960e-01
4.054678653147767986e-01
8.472972208473887878e-01
8.472972576414061763e-01
8.472972576414061763e-01
1.820132664750191521e-06
8.472971957619460648e-01
1.814042246814574279e-06
4.054679026315587409e-01
4.054678890585884932e-01
1.814042246814574279e-06
8.472972363505231197e-01
4.055554260722882276e-01
5.250004987791851579e-05
5.250004987791851579e-05
8.472971336202531623e-01
4.056039191721453885e-01
8.472971330135921075e-01
4.054679063067256894e-01
4.054679078822051586e-01
4.054679063067256894e-01
1.820133276576954751e-06
8.473055346527168519e-01
4.054678783131302477e-01
8.472972349038992990e-01
8.472972349038992990e-01
1.384592917165139658e+00
4.054678653537553967e-01
4.054678653473831607e-01
8.472970538802582219e-01
4.054678654423334305e-01
1.790242705947090025e-06
4.054678654423334305e-01
1.790703727677511301e-06
8.472972418170232611e-01
1.790703727677511301e-06
4.054678844761261947e-01
4.054678587804343981e-01
4.054678764570555649e-01
4.054678587804343981e-01
4.054678555984703170e-01
1.809540210453409917e-06
4.054678653881055306e-01
8.472972247551512348e-01
1.796882680444655201e-06
4.054679077111337238e-01
4.054678655839252799e-01
8.472972302361029273e-01
4.054678593404409392e-01
4.054678856569504108e-01
4.054679078453252150e-01
4.054678598575615633e-01
4.054678598575615633e-01
4.054678598575615633e-01
4.054678639367040316e-01
1.790251960221426320e-06
1.384604294943998282e+00
4.054678820113536974e-01
4.054678837932499391e-01
4.054678701066607438e-01
-4.054591791761731345e-01
8.472969453881544766e-01
4.054731489602686478e-01
4.054679078459136887e-01
1.814041907173471916e-06
4.054679020655761468e-01
4.054678744611819319e-01
1.814044720861362553e-06
8.472969820095660465e-01
8.472972415796372614e-01
8.472972416899048342e-01
4.054679071267947021e-01
4.054678654626370782e-01
4.054678654626370782e-01
1.814043839452044132e-06
4.054678741854575441e-01
4.054678972788627878e-01
4.054679059983292144e-01
4.054678657709079315e-01
4.054678669056760998e-01
1.820098899838723424e-06
4.054679078820752069e-01
4.054678644646497743e-01
8.472972418044726339e-01
4.054678652212590495e-01
4.054678676712286101e-01
8.472972459976901849e-01
4.054678868366519695e-01
1.806577219826209957e-06
4.054678929529168530e-01
4.054679078822392424e-01
1.806577219826209957e-06
8.472972353551682101e-01
8.472969855794817429e-01
4.054679074014946871e-01
1.807584429753890044e-06
8.472972407663671435e-01
4.054678555341643675e-01
8.472972282821802370e-01
1.789642679790061836e-06
1.789642679790061836e-06
1.812652064659590053e-06
1.803564052321235359e-06
8.472972356379888659e-01
4.054678591462297366e-01
4.054678656032202344e-01
4.054678657577293621e-01
4.054679078554910832e-01
4.054678654704320651e-01
4.054679065193256826e-01
4.054679065193256826e-01
4.054679078796901703e-01
-4.054590961751575739e-01
8.472973352465197339e-01
1.803852581948700236e-06
4.054678856008644416e-01
4.054678856008644416e-01
1.791577642835106011e-06
4.054679078796192271e-01
1.807406364215074214e-06
1.803179066428957844e-06
4.054678579968447050e-01
1.790962134597280151e-06
4.054678579968447050e-01
1.803179066428957844e-06
-4.054591842211753283e-01
4.054678654472429478e-01
1.790653228642655987e-06
8.472969409369903726e-01
1.790671357583892665e-06
4.054678757422010005e-01
4.054679071333055496e-01
4.054678941768836697e-01
4.054682076399030999e-01
4.054678846603098075e-01
4.054678941768836697e-01
4.054682076399030999e-01
8.472973441388987892e-01
1.384604294765056087e+00
1.815228142277712053e-06
8.472972358034888130e-01
8.472972358034888130e-01
8.472972358034888130e-01
1.820092568690698286e-06
8.472972358034888130e-01
8.472970466772578035e-01
4.054678654129338922e-01
1.820042326932672588e-06
4.054678654129338922e-01
4.054678656526690128e-01
4.054679251492429026e-01
4.054678820341642287e-01
4.054678733769542798e-01
4.054679078821727400e-01
4.054678635422312438e-01
4.054679078628652955e-01
4.054678910334771902e-01
4.054678910334771902e-01
4.054678950247891933e-01
4.054678651765400432e-01
4.054678650154088793e-01
1.806574211966289401e-06
1.820133019791303447e-06
1.790005072052146091e-06
8.472969997346146975e-01
1.811971571011168209e-06
4.054678875873561350e-01
1.819741642907429773e-06
1.811971571011168209e-06
-4.054591175846092854e-01
4.054678653869464577e-01
-4.054591799577435540e-01
4.054678651875728845e-01
4.054678653869464577e-01
-4.054591804899225771e-01
-4.054591852457534173e-01
1.820132459684988192e-06
1.819829703708012386e-06
4.054678870388074841e-01
1.803179796737774517e-06
4.054678950080952138e-01
1.810469031817425192e-06
1.811019203138240218e-06
1.810469031817425192e-06
4.054678970273490335e-01
4.054679014415807359e-01
4.054679014415807359e-01
1.820112430251752523e-06
1.790611881718488986e-06
1.790681398174629110e-06
1.816155504873505507e-06
1.820126386213091837e-06
1.820133898111281586e-06
4.054678744119781797e-01
4.054678687951934757e-01
4.054678687951934757e-01
1.818263591685830488e-06
-4.054591595794011516e-01
1.820097058751642288e-06
-4.054591596757109451e-01
4.054679078627220767e-01
4.054678911007015274e-01
4.054678911007015274e-01
4.054678628180467537e-01
4.054679073003628620e-01
1.384592892947696496e+00
4.054679077816194521e-01
4.054679076601739873e-01
1.820114671125053735e-06
1.820108406322452260e-06
4.054678920149779597e-01
4.054678734163197351e-01
-4.054587211050109663e-01
4.054679488016660893e-01
4.054678734163197351e-01
8.473007139939352506e-01
4.054679078808655635e-01
4.054679078808655635e-01
4.054678650156669506e-01
4.054678763363011029e-01
1.815752943024827090e-06
1.818927085861413830e-06
4.054678627726511775e-01
2.469837675655927878e-01
1.805349683381052400e-06
1.805349683381052400e-06
1.790483219950845153e-06
4.054679078173950013e-01
4.054678617335351065e-01
-4.054591846780072895e-01
4.054679078173950013e-01
1.820128291703345218e-06
1.820128291703345218e-06
4.054678556258632383e-01
4.054678651621393404e-01
-8.472017358907343310e-01
4.054678591080649319e-01
4.054678979758211677e-01
4.054678658559789928e-01
1.820110223647922473e-06
1.813744472052428438e-06
1.813901423384518531e-06
1.811878086915548901e-06
-4.054591839238033124e-01
1.811878086915548901e-06
1.819842544323986383e-06
1.813901423384518531e-06
4.054678651927907662e-01
1.810278217715764147e-06
4.054679008928344652e-01
4.054679038268498292e-01
4.054678746961725144e-01
4.054678876098148921e-01
4.054678748414648481e-01
4.054678746961725144e-01
4.054678877961708228e-01
1.803181919085584107e-06
4.054678876298473122e-01
1.790194412437223672e-06
8.472972254327757469e-01
4.054678982506396134e-01
4.054678982506396134e-01
4.054678982506396134e-01
4.054678982506396134e-01
1.810513426824671136e-06
4.054678746792355626e-01
4.054678746792355626e-01
1.819624315230478002e-06
4.054678558200209837e-01
1.810137004480513128e-06
1.801904033403901070e-06
4.054678958488360796e-01
1.801893744921975272e-06
1.801893744921975272e-06
1.801893744921975272e-06
4.054678793610362875e-01
4.054678793610362875e-01
4.054678793610362875e-01
4.054678839530596601e-01
4.054678793610362875e-01
1.790215153277942472e-06
4.054678566974384557e-01
1.790703751384175620e-06
1.790416002084973568e-06
1.790416002084973568e-06
1.819577036058716152e-06
1.819130770324651104e-06
4.054678658370911570e-01
1.809878594217721653e-06
1.809878594217721653e-06
1.793019920775224325e-06
1.793783090349670392e-06
1.793640494985606907e-06
4.054679078188425656e-01
1.814390211717936769e-06
4.054678596831463588e-01
1.806863548769243904e-06
1.809943655063905979e-06
4.054678596831463588e-01
-4.054591375538630915e-01
4.054678557582042098e-01
1.809488396390236381e-06
1.810055433563798100e-06
4.054678733736715168e-01
4.054678741823986576e-01
-4.053872444350529736e-01
1.803254696172019202e-06
4.054678655532789056e-01
1.803254696172019202e-06
1.814051278276145233e-06
-8.472034802598596981e-01
1.803189408621701708e-06
1.798054975535775475e-06
4.054679057842291434e-01
4.054678609690067770e-01
4.054678644780494445e-01
4.054678644780494445e-01
1.795004670141818904e-06
1.813894138881336115e-06
1.813894138881336115e-06
1.810718378066490018e-06
1.814077116172233902e-06
1.789602101149146285e-06
1.789602101149146285e-06
1.793113317303532519e-06
1.814044719995393126e-06
4.054678558705847591e-01
1.793287408448473777e-06
1.792465893506561953e-06
1.816539187742585792e-06
1.814794935869739275e-06
4.054678975581578748e-01
1.798424280741230480e-06
1.803557033793836812e-06
8.472969328388869625e-01
4.054678647132136105e-01
